This file contains any messages produced by compilers while
running configure, to aid debugging if configure makes a mistake.

It was created by Google C++ Testing Framework configure 1.5.0, which was
generated by GNU Autoconf 2.61.  Invocation command line was

  $ ./configure --prefix=/home/greg/lib-arm

## --------- ##
## Platform. ##
## --------- ##

hostname = Symons-Linux1
uname -m = x86_64
uname -r = 2.6.24-27-generic
uname -s = Linux
uname -v = #1 SMP Wed Mar 24 11:03:26 UTC 2010

/usr/bin/uname -p = unknown
/bin/uname -X     = unknown

/bin/arch              = unknown
/usr/bin/arch -k       = unknown
/usr/convex/getsysinfo = unknown
/usr/bin/hostinfo      = unknown
/bin/machine           = unknown
/usr/bin/oslevel       = unknown
/bin/universe          = unknown

PATH: /home/greg/bin
PATH: /usr/local/Trolltech/Qt-4.7.0/bin
PATH: /usr/lib/kde4/bin
PATH: /usr/local/sbin
PATH: /usr/local/bin
PATH: /usr/sbin
PATH: /usr/bin
PATH: /sbin
PATH: /bin
PATH: /usr/X11R6/bin


## ----------- ##
## Core tests. ##
## ----------- ##

configure:2005: checking for a BSD-compatible install
configure:2061: result: /usr/bin/install -c
configure:2072: checking whether build environment is sane
configure:2115: result: yes
configure:2143: checking for a thread-safe mkdir -p
configure:2182: result: /bin/mkdir -p
configure:2195: checking for gawk
configure:2211: found /usr/bin/gawk
configure:2222: result: gawk
configure:2233: checking whether make sets $(MAKE)
configure:2254: result: yes
configure:2492: checking for gcc
configure:2519: result: /depot/projects/azure/PhonexChange-6.1/toolchain/wrl3_builddir.2010_04_08.18_02_22/arm11_le/host-cross/arm-wrs-linux-gnueabi/bin/arm-wrs-linux-gnueabi-gcc
configure:2757: checking for C compiler version
configure:2764: /depot/projects/azure/PhonexChange-6.1/toolchain/wrl3_builddir.2010_04_08.18_02_22/arm11_le/host-cross/arm-wrs-linux-gnueabi/bin/arm-wrs-linux-gnueabi-gcc --version >&5
arm-wrs-linux-gnueabi-gcc (Wind River Linux Sourcery G++ 4.3-85) 4.3.2
Copyright (C) 2008 Free Software Foundation, Inc.
This is free software; see the source for copying conditions.  There is NO
warranty; not even for MERCHANTABILITY or FITNESS FOR A PARTICULAR PURPOSE.

configure:2767: $? = 0
configure:2774: /depot/projects/azure/PhonexChange-6.1/toolchain/wrl3_builddir.2010_04_08.18_02_22/arm11_le/host-cross/arm-wrs-linux-gnueabi/bin/arm-wrs-linux-gnueabi-gcc -v >&5
Using built-in specs.
Target: arm-wrs-linux-gnueabi
Configured with: /scratch/joseph/wrs/4.3/src/gcc-4.3-wrs/configure --build=i686-pc-linux-gnu --host=i686-pc-linux-gnu --target=arm-wrs-linux-gnueabi --enable-threads --disable-libmudflap --disable-libssp --disable-libstdcxx-pch --with-gnu-as --with-gnu-ld --enable-languages=c,c++ --enable-shared --enable-symvers=gnu --enable-__cxa_atexit --with-pkgversion='Wind River Linux Sourcery G++ 4.3-85' --with-bugurl=support@windriver.com --disable-nls --prefix=/opt/windriver/wrlinux/arm --with-sysroot=/opt/windriver/wrlinux/arm/arm-wrs-linux-gnueabi/libc --with-build-sysroot=/scratch/joseph/wrs/4.3/arm/install/arm-wrs-linux-gnueabi/libc --with-gmp=/scratch/joseph/wrs/4.3/arm/obj/host-libs-4.3-85-arm-wrs-linux-gnueabi-i686-pc-linux-gnu/usr --with-mpfr=/scratch/joseph/wrs/4.3/arm/obj/host-libs-4.3-85-arm-wrs-linux-gnueabi-i686-pc-linux-gnu/usr --disable-libgomp --with-license=/scratch/joseph/wrs/4.3/arm/obj/host-libs-4.3-85-arm-wrs-linux-gnueabi-i686-pc-linux-gnu/usr --with-csl-license-version=20090126 --with-csl-license-feature=gcc_ARM_Wind_River_Linux --enable-poison-system-directories --with-build-time-tools=/scratch/joseph/wrs/4.3/arm/install/arm-wrs-linux-gnueabi/bin --with-build-time-tools=/scratch/joseph/wrs/4.3/arm/install/arm-wrs-linux-gnueabi/bin
Thread model: posix
gcc version 4.3.2 (Wind River Linux Sourcery G++ 4.3-85) 
configure:2777: $? = 0
configure:2784: /depot/projects/azure/PhonexChange-6.1/toolchain/wrl3_builddir.2010_04_08.18_02_22/arm11_le/host-cross/arm-wrs-linux-gnueabi/bin/arm-wrs-linux-gnueabi-gcc -V >&5
arm-wrs-linux-gnueabi-gcc: '-V' option must have argument
configure:2787: $? = 1
configure:2810: checking for C compiler default output file name
configure:2837: /depot/projects/azure/PhonexChange-6.1/toolchain/wrl3_builddir.2010_04_08.18_02_22/arm11_le/host-cross/arm-wrs-linux-gnueabi/bin/arm-wrs-linux-gnueabi-gcc    conftest.c  >&5
cs-license: error trying to exec 'get_feature': execvp: No such file or directory
/depot/projects/azure/PhonexChange-6.1/wrl3.GA/wrlinux-3.0/layers/wrll-toolchain-4.3-85/arm/toolchain/x86-linux2/bin/../lib/gcc/arm-wrs-linux-gnueabi/4.3.2/../../../../arm-wrs-linux-gnueabi/bin/ld: crt1.o: No such file: No such file or directory
collect2: ld returned 1 exit status
configure:2840: $? = 1
configure:2878: result: 
configure: failed program was:
| /* confdefs.h.  */
| #define PACKAGE_NAME "Google C++ Testing Framework"
| #define PACKAGE_TARNAME "gtest"
| #define PACKAGE_VERSION "1.5.0"
| #define PACKAGE_STRING "Google C++ Testing Framework 1.5.0"
| #define PACKAGE_BUGREPORT "googletestframework@googlegroups.com"
| #define PACKAGE "gtest"
| #define VERSION "1.5.0"
| /* end confdefs.h.  */
| 
| int
| main ()
| {
| 
|   ;
|   return 0;
| }
configure:2885: error: C compiler cannot create executables
See `config.log' for more details.

## ---------------- ##
## Cache variables. ##
## ---------------- ##

ac_cv_env_CCC_set=
ac_cv_env_CCC_value=
ac_cv_env_CC_set=set
ac_cv_env_CC_value=/depot/projects/azure/PhonexChange-6.1/toolchain/wrl3_builddir.2010_04_08.18_02_22/arm11_le/host-cross/arm-wrs-linux-gnueabi/bin/arm-wrs-linux-gnueabi-gcc
ac_cv_env_CFLAGS_set=
ac_cv_env_CFLAGS_value=
ac_cv_env_CPPFLAGS_set=
ac_cv_env_CPPFLAGS_value=
ac_cv_env_CPP_set=set
ac_cv_env_CPP_value=/depot/projects/azure/PhonexChange-6.1/toolchain/wrl3_builddir.2010_04_08.18_02_22/arm11_le/host-cross/arm-wrs-linux-gnueabi/bin/arm-wrs-linux-gnueabi-cpp
ac_cv_env_CXXCPP_set=
ac_cv_env_CXXCPP_value=
ac_cv_env_CXXFLAGS_set=
ac_cv_env_CXXFLAGS_value=
ac_cv_env_CXX_set=set
ac_cv_env_CXX_value=/depot/projects/azure/PhonexChange-6.1/toolchain/wrl3_builddir.2010_04_08.18_02_22/arm11_le/host-cross/arm-wrs-linux-gnueabi/bin/arm-wrs-linux-gnueabi-g++
ac_cv_env_F77_set=
ac_cv_env_F77_value=
ac_cv_env_FFLAGS_set=
ac_cv_env_FFLAGS_value=
ac_cv_env_LDFLAGS_set=
ac_cv_env_LDFLAGS_value=
ac_cv_env_LIBS_set=
ac_cv_env_LIBS_value=
ac_cv_env_build_alias_set=
ac_cv_env_build_alias_value=
ac_cv_env_host_alias_set=
ac_cv_env_host_alias_value=
ac_cv_env_target_alias_set=
ac_cv_env_target_alias_value=
ac_cv_path_install='/usr/bin/install -c'
ac_cv_path_mkdir=/bin/mkdir
ac_cv_prog_AWK=gawk
ac_cv_prog_ac_ct_CC=/depot/projects/azure/PhonexChange-6.1/toolchain/wrl3_builddir.2010_04_08.18_02_22/arm11_le/host-cross/arm-wrs-linux-gnueabi/bin/arm-wrs-linux-gnueabi-gcc
ac_cv_prog_make_make_set=yes

## ----------------- ##
## Output variables. ##
## ----------------- ##

ACLOCAL='${SHELL} /home/greg/gtest-1.5.0/build-aux/missing --run aclocal-1.10'
AMDEPBACKSLASH=''
AMDEP_FALSE=''
AMDEP_TRUE=''
AMTAR='${SHELL} /home/greg/gtest-1.5.0/build-aux/missing --run tar'
AR=''
AUTOCONF='${SHELL} /home/greg/gtest-1.5.0/build-aux/missing --run autoconf'
AUTOHEADER='${SHELL} /home/greg/gtest-1.5.0/build-aux/missing --run autoheader'
AUTOMAKE='${SHELL} /home/greg/gtest-1.5.0/build-aux/missing --run automake-1.10'
AWK='gawk'
CC='/depot/projects/azure/PhonexChange-6.1/toolchain/wrl3_builddir.2010_04_08.18_02_22/arm11_le/host-cross/arm-wrs-linux-gnueabi/bin/arm-wrs-linux-gnueabi-gcc'
CCDEPMODE=''
CFLAGS=''
CPP='/depot/projects/azure/PhonexChange-6.1/toolchain/wrl3_builddir.2010_04_08.18_02_22/arm11_le/host-cross/arm-wrs-linux-gnueabi/bin/arm-wrs-linux-gnueabi-cpp'
CPPFLAGS=''
CXX='/depot/projects/azure/PhonexChange-6.1/toolchain/wrl3_builddir.2010_04_08.18_02_22/arm11_le/host-cross/arm-wrs-linux-gnueabi/bin/arm-wrs-linux-gnueabi-g++'
CXXCPP=''
CXXDEPMODE=''
CXXFLAGS=''
CYGPATH_W='echo'
DEFS=''
DEPDIR=''
DSYMUTIL=''
ECHO='echo'
ECHO_C=''
ECHO_N='-n'
ECHO_T=''
EGREP=''
EXEEXT=''
F77=''
FFLAGS=''
GREP=''
HAVE_PTHREADS_FALSE=''
HAVE_PTHREADS_TRUE=''
HAVE_PYTHON_FALSE=''
HAVE_PYTHON_TRUE=''
INSTALL_DATA='${INSTALL} -m 644'
INSTALL_PROGRAM='${INSTALL}'
INSTALL_SCRIPT='${INSTALL}'
INSTALL_STRIP_PROGRAM='$(install_sh) -c -s'
LDFLAGS=''
LIBOBJS=''
LIBS=''
LIBTOOL=''
LN_S=''
LTLIBOBJS=''
MAKEINFO='${SHELL} /home/greg/gtest-1.5.0/build-aux/missing --run makeinfo'
NMEDIT=''
OBJEXT=''
PACKAGE='gtest'
PACKAGE_BUGREPORT='googletestframework@googlegroups.com'
PACKAGE_NAME='Google C++ Testing Framework'
PACKAGE_STRING='Google C++ Testing Framework 1.5.0'
PACKAGE_TARNAME='gtest'
PACKAGE_VERSION='1.5.0'
PATH_SEPARATOR=':'
PTHREAD_CC=''
PTHREAD_CFLAGS=''
PTHREAD_LIBS=''
PYTHON=''
RANLIB=''
SED=''
SET_MAKE=''
SHELL='/bin/sh'
STRIP=''
VERSION='1.5.0'
ac_ct_CC='/depot/projects/azure/PhonexChange-6.1/toolchain/wrl3_builddir.2010_04_08.18_02_22/arm11_le/host-cross/arm-wrs-linux-gnueabi/bin/arm-wrs-linux-gnueabi-gcc'
ac_ct_CXX=''
ac_ct_F77=''
acx_pthread_config=''
am__fastdepCC_FALSE=''
am__fastdepCC_TRUE=''
am__fastdepCXX_FALSE=''
am__fastdepCXX_TRUE=''
am__include=''
am__isrc=''
am__leading_dot='.'
am__quote=''
am__tar='${AMTAR} chof - "$$tardir"'
am__untar='${AMTAR} xf -'
bindir='${exec_prefix}/bin'
build=''
build_alias=''
build_cpu=''
build_os=''
build_vendor=''
datadir='${datarootdir}'
datarootdir='${prefix}/share'
docdir='${datarootdir}/doc/${PACKAGE_TARNAME}'
dvidir='${docdir}'
exec_prefix='NONE'
host=''
host_alias=''
host_cpu=''
host_os=''
host_vendor=''
htmldir='${docdir}'
includedir='${prefix}/include'
infodir='${datarootdir}/info'
install_sh='$(SHELL) /home/greg/gtest-1.5.0/build-aux/install-sh'
libdir='${exec_prefix}/lib'
libexecdir='${exec_prefix}/libexec'
localedir='${datarootdir}/locale'
localstatedir='${prefix}/var'
mandir='${datarootdir}/man'
mkdir_p='/bin/mkdir -p'
oldincludedir='/usr/include'
pdfdir='${docdir}'
prefix='/home/greg/lib-arm'
program_transform_name='s,x,x,'
psdir='${docdir}'
sbindir='${exec_prefix}/sbin'
sharedstatedir='${prefix}/com'
sysconfdir='${prefix}/etc'
target_alias=''

## ----------- ##
## confdefs.h. ##
## ----------- ##

#define PACKAGE_NAME "Google C++ Testing Framework"
#define PACKAGE_TARNAME "gtest"
#define PACKAGE_VERSION "1.5.0"
#define PACKAGE_STRING "Google C++ Testing Framework 1.5.0"
#define PACKAGE_BUGREPORT "googletestframework@googlegroups.com"
#define PACKAGE "gtest"
#define VERSION "1.5.0"

configure: exit 77
